{"/Users/sarabambenek/Desktop/IDX Exchange/backend/db.js": {"path":"/Users/sarabambenek/Desktop/IDX Exchange/backend/db.js","statementMap":{"0":{"start":{"line":1,"column":14},"end":{"line":1,"column":39}},"1":{"start":{"line":2,"column":15},"end":{"line":2,"column":32}},"2":{"start":{"line":3,"column":0},"end":{"line":3,"column":26}},"3":{"start":{"line":5,"column":13},"end":{"line":16,"column":2}},"4":{"start":{"line":18,"column":0},"end":{"line":18,"column":22}}},"fnMap":{},"branchMap":{},"s":{"0":1,"1":1,"2":1,"3":1,"4":1},"f":{},"b":{},"_coverageSchema":"1a1c01bbd47fc00a2c39e90264f33305004495a9","hash":"01b3c13bf7cc2d9eb3fe1a961bce44a1fab665bd"}
,"/Users/sarabambenek/Desktop/IDX Exchange/backend/routes/properties.js": {"path":"/Users/sarabambenek/Desktop/IDX Exchange/backend/routes/properties.js","statementMap":{"0":{"start":{"line":1,"column":16},"end":{"line":1,"column":34}},"1":{"start":{"line":2,"column":15},"end":{"line":2,"column":31}},"2":{"start":{"line":3,"column":13},"end":{"line":3,"column":29}},"3":{"start":{"line":5,"column":0},"end":{"line":32,"column":3}},"4":{"start":{"line":6,"column":2},"end":{"line":31,"column":3}},"5":{"start":{"line":7,"column":19},"end":{"line":7,"column":29}},"6":{"start":{"line":9,"column":4},"end":{"line":11,"column":5}},"7":{"start":{"line":10,"column":6},"end":{"line":10,"column":74}},"8":{"start":{"line":13,"column":27},"end":{"line":16,"column":5}},"9":{"start":{"line":18,"column":4},"end":{"line":20,"column":5}},"10":{"start":{"line":19,"column":6},"end":{"line":19,"column":67}},"11":{"start":{"line":22,"column":28},"end":{"line":25,"column":5}},"12":{"start":{"line":27,"column":4},"end":{"line":27,"column":40}},"13":{"start":{"line":29,"column":4},"end":{"line":29,"column":64}},"14":{"start":{"line":30,"column":4},"end":{"line":30,"column":67}},"15":{"start":{"line":34,"column":0},"end":{"line":56,"column":3}},"16":{"start":{"line":35,"column":2},"end":{"line":55,"column":3}},"17":{"start":{"line":36,"column":19},"end":{"line":36,"column":29}},"18":{"start":{"line":38,"column":4},"end":{"line":40,"column":5}},"19":{"start":{"line":39,"column":6},"end":{"line":39,"column":74}},"20":{"start":{"line":42,"column":19},"end":{"line":45,"column":5}},"21":{"start":{"line":47,"column":4},"end":{"line":49,"column":5}},"22":{"start":{"line":48,"column":6},"end":{"line":48,"column":67}},"23":{"start":{"line":51,"column":4},"end":{"line":51,"column":34}},"24":{"start":{"line":53,"column":4},"end":{"line":53,"column":61}},"25":{"start":{"line":54,"column":4},"end":{"line":54,"column":64}},"26":{"start":{"line":58,"column":0},"end":{"line":132,"column":3}},"27":{"start":{"line":59,"column":2},"end":{"line":131,"column":3}},"28":{"start":{"line":60,"column":78},"end":{"line":60,"column":87}},"29":{"start":{"line":62,"column":24},"end":{"line":62,"column":70}},"30":{"start":{"line":63,"column":25},"end":{"line":63,"column":72}},"31":{"start":{"line":65,"column":4},"end":{"line":67,"column":5}},"32":{"start":{"line":66,"column":6},"end":{"line":66,"column":93}},"33":{"start":{"line":68,"column":4},"end":{"line":70,"column":5}},"34":{"start":{"line":69,"column":6},"end":{"line":69,"column":89}},"35":{"start":{"line":71,"column":4},"end":{"line":73,"column":5}},"36":{"start":{"line":72,"column":6},"end":{"line":72,"column":74}},"37":{"start":{"line":74,"column":4},"end":{"line":76,"column":5}},"38":{"start":{"line":75,"column":6},"end":{"line":75,"column":74}},"39":{"start":{"line":77,"column":4},"end":{"line":79,"column":5}},"40":{"start":{"line":78,"column":6},"end":{"line":78,"column":70}},"41":{"start":{"line":80,"column":4},"end":{"line":82,"column":5}},"42":{"start":{"line":81,"column":6},"end":{"line":81,"column":71}},"43":{"start":{"line":84,"column":23},"end":{"line":84,"column":25}},"44":{"start":{"line":85,"column":19},"end":{"line":85,"column":21}},"45":{"start":{"line":87,"column":4},"end":{"line":90,"column":5}},"46":{"start":{"line":88,"column":6},"end":{"line":88,"column":62}},"47":{"start":{"line":89,"column":6},"end":{"line":89,"column":24}},"48":{"start":{"line":91,"column":4},"end":{"line":94,"column":5}},"49":{"start":{"line":92,"column":6},"end":{"line":92,"column":35}},"50":{"start":{"line":93,"column":6},"end":{"line":93,"column":27}},"51":{"start":{"line":95,"column":4},"end":{"line":98,"column":5}},"52":{"start":{"line":96,"column":6},"end":{"line":96,"column":44}},"53":{"start":{"line":97,"column":6},"end":{"line":97,"column":40}},"54":{"start":{"line":99,"column":4},"end":{"line":102,"column":5}},"55":{"start":{"line":100,"column":6},"end":{"line":100,"column":44}},"56":{"start":{"line":101,"column":6},"end":{"line":101,"column":40}},"57":{"start":{"line":103,"column":4},"end":{"line":106,"column":5}},"58":{"start":{"line":104,"column":6},"end":{"line":104,"column":40}},"59":{"start":{"line":105,"column":6},"end":{"line":105,"column":38}},"60":{"start":{"line":107,"column":4},"end":{"line":110,"column":5}},"61":{"start":{"line":108,"column":6},"end":{"line":108,"column":38}},"62":{"start":{"line":109,"column":6},"end":{"line":109,"column":37}},"63":{"start":{"line":112,"column":24},"end":{"line":112,"column":88}},"64":{"start":{"line":114,"column":23},"end":{"line":114,"column":83}},"65":{"start":{"line":115,"column":24},"end":{"line":115,"column":60}},"66":{"start":{"line":116,"column":18},"end":{"line":116,"column":36}},"67":{"start":{"line":118,"column":22},"end":{"line":118,"column":83}},"68":{"start":{"line":119,"column":23},"end":{"line":119,"column":61}},"69":{"start":{"line":120,"column":19},"end":{"line":120,"column":58}},"70":{"start":{"line":122,"column":4},"end":{"line":127,"column":7}},"71":{"start":{"line":129,"column":4},"end":{"line":129,"column":63}},"72":{"start":{"line":130,"column":4},"end":{"line":130,"column":66}},"73":{"start":{"line":134,"column":0},"end":{"line":134,"column":24}}},"fnMap":{"0":{"name":"(anonymous_0)","decl":{"start":{"line":5,"column":30},"end":{"line":5,"column":31}},"loc":{"start":{"line":5,"column":50},"end":{"line":32,"column":1}},"line":5},"1":{"name":"(anonymous_1)","decl":{"start":{"line":34,"column":19},"end":{"line":34,"column":20}},"loc":{"start":{"line":34,"column":39},"end":{"line":56,"column":1}},"line":34},"2":{"name":"(anonymous_2)","decl":{"start":{"line":58,"column":16},"end":{"line":58,"column":17}},"loc":{"start":{"line":58,"column":36},"end":{"line":132,"column":1}},"line":58}},"branchMap":{"0":{"loc":{"start":{"line":9,"column":4},"end":{"line":11,"column":5}},"type":"if","locations":[{"start":{"line":9,"column":4},"end":{"line":11,"column":5}},{"start":{},"end":{}}],"line":9},"1":{"loc":{"start":{"line":18,"column":4},"end":{"line":20,"column":5}},"type":"if","locations":[{"start":{"line":18,"column":4},"end":{"line":20,"column":5}},{"start":{},"end":{}}],"line":18},"2":{"loc":{"start":{"line":38,"column":4},"end":{"line":40,"column":5}},"type":"if","locations":[{"start":{"line":38,"column":4},"end":{"line":40,"column":5}},{"start":{},"end":{}}],"line":38},"3":{"loc":{"start":{"line":47,"column":4},"end":{"line":49,"column":5}},"type":"if","locations":[{"start":{"line":47,"column":4},"end":{"line":49,"column":5}},{"start":{},"end":{}}],"line":47},"4":{"loc":{"start":{"line":62,"column":24},"end":{"line":62,"column":70}},"type":"cond-expr","locations":[{"start":{"line":62,"column":46},"end":{"line":62,"column":65}},{"start":{"line":62,"column":68},"end":{"line":62,"column":70}}],"line":62},"5":{"loc":{"start":{"line":63,"column":25},"end":{"line":63,"column":72}},"type":"cond-expr","locations":[{"start":{"line":63,"column":48},"end":{"line":63,"column":68}},{"start":{"line":63,"column":71},"end":{"line":63,"column":72}}],"line":63},"6":{"loc":{"start":{"line":65,"column":4},"end":{"line":67,"column":5}},"type":"if","locations":[{"start":{"line":65,"column":4},"end":{"line":67,"column":5}},{"start":{},"end":{}}],"line":65},"7":{"loc":{"start":{"line":65,"column":8},"end":{"line":65,"column":92}},"type":"binary-expr","locations":[{"start":{"line":65,"column":8},"end":{"line":65,"column":27}},{"start":{"line":65,"column":32},"end":{"line":65,"column":50}},{"start":{"line":65,"column":54},"end":{"line":65,"column":70}},{"start":{"line":65,"column":74},"end":{"line":65,"column":91}}],"line":65},"8":{"loc":{"start":{"line":68,"column":4},"end":{"line":70,"column":5}},"type":"if","locations":[{"start":{"line":68,"column":4},"end":{"line":70,"column":5}},{"start":{},"end":{}}],"line":68},"9":{"loc":{"start":{"line":68,"column":8},"end":{"line":68,"column":73}},"type":"binary-expr","locations":[{"start":{"line":68,"column":8},"end":{"line":68,"column":28}},{"start":{"line":68,"column":33},"end":{"line":68,"column":52}},{"start":{"line":68,"column":56},"end":{"line":68,"column":72}}],"line":68},"10":{"loc":{"start":{"line":71,"column":4},"end":{"line":73,"column":5}},"type":"if","locations":[{"start":{"line":71,"column":4},"end":{"line":73,"column":5}},{"start":{},"end":{}}],"line":71},"11":{"loc":{"start":{"line":71,"column":8},"end":{"line":71,"column":61}},"type":"binary-expr","locations":[{"start":{"line":71,"column":8},"end":{"line":71,"column":30}},{"start":{"line":71,"column":34},"end":{"line":71,"column":61}}],"line":71},"12":{"loc":{"start":{"line":74,"column":4},"end":{"line":76,"column":5}},"type":"if","locations":[{"start":{"line":74,"column":4},"end":{"line":76,"column":5}},{"start":{},"end":{}}],"line":74},"13":{"loc":{"start":{"line":74,"column":8},"end":{"line":74,"column":61}},"type":"binary-expr","locations":[{"start":{"line":74,"column":8},"end":{"line":74,"column":30}},{"start":{"line":74,"column":34},"end":{"line":74,"column":61}}],"line":74},"14":{"loc":{"start":{"line":77,"column":4},"end":{"line":79,"column":5}},"type":"if","locations":[{"start":{"line":77,"column":4},"end":{"line":79,"column":5}},{"start":{},"end":{}}],"line":77},"15":{"loc":{"start":{"line":77,"column":8},"end":{"line":77,"column":55}},"type":"binary-expr","locations":[{"start":{"line":77,"column":8},"end":{"line":77,"column":26}},{"start":{"line":77,"column":30},"end":{"line":77,"column":55}}],"line":77},"16":{"loc":{"start":{"line":80,"column":4},"end":{"line":82,"column":5}},"type":"if","locations":[{"start":{"line":80,"column":4},"end":{"line":82,"column":5}},{"start":{},"end":{}}],"line":80},"17":{"loc":{"start":{"line":80,"column":8},"end":{"line":80,"column":55}},"type":"binary-expr","locations":[{"start":{"line":80,"column":8},"end":{"line":80,"column":27}},{"start":{"line":80,"column":31},"end":{"line":80,"column":55}}],"line":80},"18":{"loc":{"start":{"line":87,"column":4},"end":{"line":90,"column":5}},"type":"if","locations":[{"start":{"line":87,"column":4},"end":{"line":90,"column":5}},{"start":{},"end":{}}],"line":87},"19":{"loc":{"start":{"line":91,"column":4},"end":{"line":94,"column":5}},"type":"if","locations":[{"start":{"line":91,"column":4},"end":{"line":94,"column":5}},{"start":{},"end":{}}],"line":91},"20":{"loc":{"start":{"line":95,"column":4},"end":{"line":98,"column":5}},"type":"if","locations":[{"start":{"line":95,"column":4},"end":{"line":98,"column":5}},{"start":{},"end":{}}],"line":95},"21":{"loc":{"start":{"line":99,"column":4},"end":{"line":102,"column":5}},"type":"if","locations":[{"start":{"line":99,"column":4},"end":{"line":102,"column":5}},{"start":{},"end":{}}],"line":99},"22":{"loc":{"start":{"line":103,"column":4},"end":{"line":106,"column":5}},"type":"if","locations":[{"start":{"line":103,"column":4},"end":{"line":106,"column":5}},{"start":{},"end":{}}],"line":103},"23":{"loc":{"start":{"line":107,"column":4},"end":{"line":110,"column":5}},"type":"if","locations":[{"start":{"line":107,"column":4},"end":{"line":110,"column":5}},{"start":{},"end":{}}],"line":107},"24":{"loc":{"start":{"line":112,"column":24},"end":{"line":112,"column":88}},"type":"cond-expr","locations":[{"start":{"line":112,"column":48},"end":{"line":112,"column":83}},{"start":{"line":112,"column":86},"end":{"line":112,"column":88}}],"line":112}},"s":{"0":1,"1":1,"2":1,"3":1,"4":3,"5":3,"6":3,"7":0,"8":3,"9":3,"10":1,"11":2,"12":2,"13":0,"14":0,"15":1,"16":3,"17":3,"18":3,"19":1,"20":2,"21":2,"22":1,"23":1,"24":0,"25":0,"26":1,"27":8,"28":8,"29":8,"30":8,"31":8,"32":1,"33":7,"34":0,"35":7,"36":1,"37":6,"38":0,"39":6,"40":0,"41":6,"42":0,"43":6,"44":6,"45":6,"46":1,"47":1,"48":6,"49":0,"50":0,"51":6,"52":0,"53":0,"54":6,"55":1,"56":1,"57":6,"58":1,"59":1,"60":6,"61":1,"62":1,"63":6,"64":6,"65":6,"66":5,"67":5,"68":5,"69":5,"70":5,"71":1,"72":1,"73":1},"f":{"0":3,"1":3,"2":8},"b":{"0":[0,3],"1":[1,2],"2":[1,2],"3":[1,1],"4":[1,7],"5":[0,8],"6":[1,7],"7":[8,1,1,1],"8":[0,7],"9":[7,0,0],"10":[1,6],"11":[7,1],"12":[0,6],"13":[6,1],"14":[0,6],"15":[6,1],"16":[0,6],"17":[6,1],"18":[1,5],"19":[0,6],"20":[0,6],"21":[1,5],"22":[1,5],"23":[1,5],"24":[4,2]},"_coverageSchema":"1a1c01bbd47fc00a2c39e90264f33305004495a9","hash":"56641e25a71987515c485bd70e002e918286bcf8"}
}
