TN:
SF:db.js
FNF:0
FNH:0
DA:1,1
DA:2,1
DA:3,1
DA:5,1
DA:18,1
LF:5
LH:5
BRF:0
BRH:0
end_of_record
TN:
SF:routes/properties.js
FN:5,(anonymous_0)
FN:34,(anonymous_1)
FN:58,(anonymous_2)
FNF:3
FNH:3
FNDA:3,(anonymous_0)
FNDA:3,(anonymous_1)
FNDA:8,(anonymous_2)
DA:1,1
DA:2,1
DA:3,1
DA:5,1
DA:6,3
DA:7,3
DA:9,3
DA:10,0
DA:13,3
DA:18,3
DA:19,1
DA:22,2
DA:27,2
DA:29,0
DA:30,0
DA:34,1
DA:35,3
DA:36,3
DA:38,3
DA:39,1
DA:42,2
DA:47,2
DA:48,1
DA:51,1
DA:53,0
DA:54,0
DA:58,1
DA:59,8
DA:60,8
DA:62,8
DA:63,8
DA:65,8
DA:66,1
DA:68,7
DA:69,0
DA:71,7
DA:72,1
DA:74,6
DA:75,0
DA:77,6
DA:78,0
DA:80,6
DA:81,0
DA:84,6
DA:85,6
DA:87,6
DA:88,1
DA:89,1
DA:91,6
DA:92,0
DA:93,0
DA:95,6
DA:96,0
DA:97,0
DA:99,6
DA:100,1
DA:101,1
DA:103,6
DA:104,1
DA:105,1
DA:107,6
DA:108,1
DA:109,1
DA:112,6
DA:114,6
DA:115,6
DA:116,5
DA:118,5
DA:119,5
DA:120,5
DA:122,5
DA:129,1
DA:130,1
DA:134,1
LF:74
LH:61
BRDA:9,0,0,0
BRDA:9,0,1,3
BRDA:18,1,0,1
BRDA:18,1,1,2
BRDA:38,2,0,1
BRDA:38,2,1,2
BRDA:47,3,0,1
BRDA:47,3,1,1
BRDA:62,4,0,1
BRDA:62,4,1,7
BRDA:63,5,0,0
BRDA:63,5,1,8
BRDA:65,6,0,1
BRDA:65,6,1,7
BRDA:65,7,0,8
BRDA:65,7,1,1
BRDA:65,7,2,1
BRDA:65,7,3,1
BRDA:68,8,0,0
BRDA:68,8,1,7
BRDA:68,9,0,7
BRDA:68,9,1,0
BRDA:68,9,2,0
BRDA:71,10,0,1
BRDA:71,10,1,6
BRDA:71,11,0,7
BRDA:71,11,1,1
BRDA:74,12,0,0
BRDA:74,12,1,6
BRDA:74,13,0,6
BRDA:74,13,1,1
BRDA:77,14,0,0
BRDA:77,14,1,6
BRDA:77,15,0,6
BRDA:77,15,1,1
BRDA:80,16,0,0
BRDA:80,16,1,6
BRDA:80,17,0,6
BRDA:80,17,1,1
BRDA:87,18,0,1
BRDA:87,18,1,5
BRDA:91,19,0,0
BRDA:91,19,1,6
BRDA:95,20,0,0
BRDA:95,20,1,6
BRDA:99,21,0,1
BRDA:99,21,1,5
BRDA:103,22,0,1
BRDA:103,22,1,5
BRDA:107,23,0,1
BRDA:107,23,1,5
BRDA:112,24,0,4
BRDA:112,24,1,2
BRF:53
BRH:43
end_of_record
